[34m[1mwandb[0m: WARNING ⚠️ wandb is deprecated and will be removed in a future release. See supported integrations at https://github.com/ultralytics/yolov5#integrations.
wandb: Currently logged in as: zsheddie. Use `wandb login --relogin` to force relogin
usage: train.py [-h] [--weights WEIGHTS] [--cfg CFG] [--data DATA] [--hyp HYP]
                [--epochs EPOCHS] [--batch-size BATCH_SIZE] [--imgsz IMGSZ]
                [--rect] [--resume [RESUME]] [--nosave] [--noval]
                [--noautoanchor] [--noplots] [--evolve [EVOLVE]]
                [--evolve_population EVOLVE_POPULATION]
                [--resume_evolve RESUME_EVOLVE] [--bucket BUCKET]
                [--cache [CACHE]] [--image-weights] [--device DEVICE]
                [--multi-scale] [--single-cls] [--optimizer {SGD,Adam,AdamW}]
                [--sync-bn] [--workers WORKERS] [--project PROJECT]
                [--name NAME] [--exist-ok] [--quad] [--cos-lr]
                [--label-smoothing LABEL_SMOOTHING] [--patience PATIENCE]
                [--freeze FREEZE [FREEZE ...]] [--save-period SAVE_PERIOD]
                [--seed SEED] [--local_rank LOCAL_RANK] [--entity ENTITY]
                [--upload_dataset [UPLOAD_DATASET]]
                [--bbox_interval BBOX_INTERVAL]
                [--artifact_alias ARTIFACT_ALIAS] [--ndjson-console]
                [--ndjson-file]
train.py: error: unrecognized arguments: --multirun

============================= JOB FEEDBACK =============================

NodeName=uc2n901
Job ID: 23667179
Cluster: uc2
User/Group: lk7828/anthropomatik
State: FAILED (exit code 2)
Nodes: 1
Cores per node: 4
CPU Utilized: 00:00:06
CPU Efficiency: 2.46% of 00:04:04 core-walltime
Job Wall-clock time: 00:01:01
Memory Utilized: 442.32 MB
Memory Efficiency: 0.35% of 124.51 GB
