[34m[1mdetect_cluster: [0mweights=v5l_30e.pt, source=data/videos, data=data/coco128.yaml, imgsz=[640, 640], conf_thres=0.25, iou_thres=0.45, max_det=1000, device=, view_img=False, save_txt=False, save_csv=False, save_conf=False, save_crop=False, nosave=False, classes=None, agnostic_nms=False, augment=False, visualize=False, update=False, project=runs/detect, name=exp, exist_ok=False, line_thickness=3, hide_labels=False, hide_conf=False, half=False, dnn=False, vid_stride=1
YOLOv5 🚀 v7.0-317-g79af44ec Python-3.10.14 torch-2.3.0+cu121 CUDA:0 (NVIDIA A100 80GB PCIe, 81038MiB)

Fusing layers... 
YOLOv5l summary: 267 layers, 46124433 parameters, 0 gradients, 107.7 GFLOPs
WARNING ⚠️ NMS time limit 0.550s exceeded
video 1/1 (1/411) /pfs/data5/home/kit/anthropomatik/lk7828/yolo/yolov5/yolov5-1/data/videos/WeChat_20240529161731.mp4: 384x640 2 Walkings, 80.1ms
video 1/1 (2/411) /pfs/data5/home/kit/anthropomatik/lk7828/yolo/yolov5/yolov5-1/data/videos/WeChat_20240529161731.mp4: 384x640 1 Walking, 6.1ms
video 1/1 (3/411) /pfs/data5/home/kit/anthropomatik/lk7828/yolo/yolov5/yolov5-1/data/videos/WeChat_20240529161731.mp4: 384x640 1 Walking, 5.7ms
video 1/1 (4/411) /pfs/data5/home/kit/anthropomatik/lk7828/yolo/yolov5/yolov5-1/data/videos/WeChat_20240529161731.mp4: 384x640 2 Walkings, 5.5ms
video 1/1 (5/411) /pfs/data5/home/kit/anthropomatik/lk7828/yolo/yolov5/yolov5-1/data/videos/WeChat_20240529161731.mp4: 384x640 2 Walkings, 5.5ms
video 1/1 (6/411) /pfs/data5/home/kit/anthropomatik/lk7828/yolo/yolov5/yolov5-1/data/videos/WeChat_20240529161731.mp4: 384x640 2 Walkings, 5.5ms
video 1/1 (7/411) /pfs/data5/home/kit/anthropomatik/lk7828/yolo/yolov5/yolov5-1/data/videos/WeChat_20240529161731.mp4: 384x640 2 Walkings, 5.5ms
video 1/1 (8/411) /pfs/data5/home/kit/anthropomatik/lk7828/yolo/yolov5/yolov5-1/data/videos/WeChat_20240529161731.mp4: 384x640 2 Walkings, 5.5ms
video 1/1 (9/411) /pfs/data5/home/kit/anthropomatik/lk7828/yolo/yolov5/yolov5-1/data/videos/WeChat_20240529161731.mp4: 384x640 2 Walkings, 5.5ms
video 1/1 (10/411) /pfs/data5/home/kit/anthropomatik/lk7828/yolo/yolov5/yolov5-1/data/videos/WeChat_20240529161731.mp4: 384x640 2 Walkings, 5.5ms
video 1/1 (11/411) /pfs/data5/home/kit/anthropomatik/lk7828/yolo/yolov5/yolov5-1/data/videos/WeChat_20240529161731.mp4: 384x640 2 Walkings, 5.5ms
video 1/1 (12/411) /pfs/data5/home/kit/anthropomatik/lk7828/yolo/yolov5/yolov5-1/data/videos/WeChat_20240529161731.mp4: 384x640 1 Walking, 5.5ms
video 1/1 (13/411) /pfs/data5/home/kit/anthropomatik/lk7828/yolo/yolov5/yolov5-1/data/videos/WeChat_20240529161731.mp4: 384x640 1 Walking, 5.4ms
video 1/1 (14/411) /pfs/data5/home/kit/anthropomatik/lk7828/yolo/yolov5/yolov5-1/data/videos/WeChat_20240529161731.mp4: 384x640 1 Walking, 5.5ms
video 1/1 (15/411) /pfs/data5/home/kit/anthropomatik/lk7828/yolo/yolov5/yolov5-1/data/videos/WeChat_20240529161731.mp4: 384x640 1 Walking, 5.5ms
video 1/1 (16/411) /pfs/data5/home/kit/anthropomatik/lk7828/yolo/yolov5/yolov5-1/data/videos/WeChat_20240529161731.mp4: 384x640 1 Walking, 5.4ms
video 1/1 (17/411) /pfs/data5/home/kit/anthropomatik/lk7828/yolo/yolov5/yolov5-1/data/videos/WeChat_20240529161731.mp4: 384x640 1 Walking, 5.4ms
video 1/1 (18/411) /pfs/data5/home/kit/anthropomatik/lk7828/yolo/yolov5/yolov5-1/data/videos/WeChat_20240529161731.mp4: 384x640 1 Walking, 5.4ms
video 1/1 (19/411) /pfs/data5/home/kit/anthropomatik/lk7828/yolo/yolov5/yolov5-1/data/videos/WeChat_20240529161731.mp4: 384x640 1 Walking, 5.5ms
video 1/1 (20/411) /pfs/data5/home/kit/anthropomatik/lk7828/yolo/yolov5/yolov5-1/data/videos/WeChat_20240529161731.mp4: 384x640 1 Walking, 5.4ms
video 1/1 (21/411) /pfs/data5/home/kit/anthropomatik/lk7828/yolo/yolov5/yolov5-1/data/videos/WeChat_20240529161731.mp4: 384x640 1 Walking, 5.5ms
video 1/1 (22/411) /pfs/data5/home/kit/anthropomatik/lk7828/yolo/yolov5/yolov5-1/data/videos/WeChat_20240529161731.mp4: 384x640 1 Walking, 5.4ms
video 1/1 (23/411) /pfs/data5/home/kit/anthropomatik/lk7828/yolo/yolov5/yolov5-1/data/videos/WeChat_20240529161731.mp4: 384x640 1 Walking, 5.5ms
video 1/1 (24/411) /pfs/data5/home/kit/anthropomatik/lk7828/yolo/yolov5/yolov5-1/data/videos/WeChat_20240529161731.mp4: 384x640 1 Walking, 5.4ms
video 1/1 (25/411) /pfs/data5/home/kit/anthropomatik/lk7828/yolo/yolov5/yolov5-1/data/videos/WeChat_20240529161731.mp4: 384x640 1 Walking, 5.5ms
video 1/1 (26/411) /pfs/data5/home/kit/anthropomatik/lk7828/yolo/yolov5/yolov5-1/data/videos/WeChat_20240529161731.mp4: 384x640 1 Walking, 5.4ms
video 1/1 (27/411) /pfs/data5/home/kit/anthropomatik/lk7828/yolo/yolov5/yolov5-1/data/videos/WeChat_20240529161731.mp4: 384x640 1 Walking, 5.5ms
video 1/1 (28/411) /pfs/data5/home/kit/anthropomatik/lk7828/yolo/yolov5/yolov5-1/data/videos/WeChat_20240529161731.mp4: 384x640 1 Walking, 5.5ms
video 1/1 (29/411) /pfs/data5/home/kit/anthropomatik/lk7828/yolo/yolov5/yolov5-1/data/videos/WeChat_20240529161731.mp4: 384x640 2 Walkings, 5.4ms
video 1/1 (30/411) /pfs/data5/home/kit/anthropomatik/lk7828/yolo/yolov5/yolov5-1/data/videos/WeChat_20240529161731.mp4: 384x640 1 Walking, 5.5ms
video 1/1 (31/411) /pfs/data5/home/kit/anthropomatik/lk7828/yolo/yolov5/yolov5-1/data/videos/WeChat_20240529161731.mp4: 384x640 1 Walking, 5.5ms
video 1/1 (32/411) /pfs/data5/home/kit/anthropomatik/lk7828/yolo/yolov5/yolov5-1/data/videos/WeChat_20240529161731.mp4: 384x640 (no detections), 5.5ms
video 1/1 (33/411) /pfs/data5/home/kit/anthropomatik/lk7828/yolo/yolov5/yolov5-1/data/videos/WeChat_20240529161731.mp4: 384x640 1 Walking, 5.5ms
video 1/1 (34/411) /pfs/data5/home/kit/anthropomatik/lk7828/yolo/yolov5/yolov5-1/data/videos/WeChat_20240529161731.mp4: 384x640 (no detections), 5.5ms
video 1/1 (35/411) /pfs/data5/home/kit/anthropomatik/lk7828/yolo/yolov5/yolov5-1/data/videos/WeChat_20240529161731.mp4: 384x640 (no detections), 5.5ms
video 1/1 (36/411) /pfs/data5/home/kit/anthropomatik/lk7828/yolo/yolov5/yolov5-1/data/videos/WeChat_20240529161731.mp4: 384x640 1 Walking, 5.5ms
video 1/1 (37/411) /pfs/data5/home/kit/anthropomatik/lk7828/yolo/yolov5/yolov5-1/data/videos/WeChat_20240529161731.mp4: 384x640 1 Walking, 5.5ms
video 1/1 (38/411) /pfs/data5/home/kit/anthropomatik/lk7828/yolo/yolov5/yolov5-1/data/videos/WeChat_20240529161731.mp4: 384x640 (no detections), 5.5ms
video 1/1 (39/411) /pfs/data5/home/kit/anthropomatik/lk7828/yolo/yolov5/yolov5-1/data/videos/WeChat_20240529161731.mp4: 384x640 (no detections), 5.4ms
video 1/1 (40/411) /pfs/data5/home/kit/anthropomatik/lk7828/yolo/yolov5/yolov5-1/data/videos/WeChat_20240529161731.mp4: 384x640 (no detections), 5.5ms
video 1/1 (41/411) /pfs/data5/home/kit/anthropomatik/lk7828/yolo/yolov5/yolov5-1/data/videos/WeChat_20240529161731.mp4: 384x640 (no detections), 5.4ms
video 1/1 (42/411) /pfs/data5/home/kit/anthropomatik/lk7828/yolo/yolov5/yolov5-1/data/videos/WeChat_20240529161731.mp4: 384x640 1 Walking, 5.4ms
video 1/1 (43/411) /pfs/data5/home/kit/anthropomatik/lk7828/yolo/yolov5/yolov5-1/data/videos/WeChat_20240529161731.mp4: 384x640 (no detections), 5.5ms
video 1/1 (44/411) /pfs/data5/home/kit/anthropomatik/lk7828/yolo/yolov5/yolov5-1/data/videos/WeChat_20240529161731.mp4: 384x640 (no detections), 5.4ms
video 1/1 (45/411) /pfs/data5/home/kit/anthropomatik/lk7828/yolo/yolov5/yolov5-1/data/videos/WeChat_20240529161731.mp4: 384x640 1 Walking, 5.4ms
video 1/1 (46/411) /pfs/data5/home/kit/anthropomatik/lk7828/yolo/yolov5/yolov5-1/data/videos/WeChat_20240529161731.mp4: 384x640 1 Walking, 5.5ms
video 1/1 (47/411) /pfs/data5/home/kit/anthropomatik/lk7828/yolo/yolov5/yolov5-1/data/videos/WeChat_20240529161731.mp4: 384x640 1 Walking, 5.5ms
video 1/1 (48/411) /pfs/data5/home/kit/anthropomatik/lk7828/yolo/yolov5/yolov5-1/data/videos/WeChat_20240529161731.mp4: 384x640 1 Walking, 5.4ms
video 1/1 (49/411) /pfs/data5/home/kit/anthropomatik/lk7828/yolo/yolov5/yolov5-1/data/videos/WeChat_20240529161731.mp4: 384x640 1 Walking, 5.5ms
video 1/1 (50/411) /pfs/data5/home/kit/anthropomatik/lk7828/yolo/yolov5/yolov5-1/data/videos/WeChat_20240529161731.mp4: 384x640 1 Walking, 5.4ms
video 1/1 (51/411) /pfs/data5/home/kit/anthropomatik/lk7828/yolo/yolov5/yolov5-1/data/videos/WeChat_20240529161731.mp4: 384x640 1 Walking, 5.4ms
video 1/1 (52/411) /pfs/data5/home/kit/anthropomatik/lk7828/yolo/yolov5/yolov5-1/data/videos/WeChat_20240529161731.mp4: 384x640 1 Walking, 5.5ms
video 1/1 (53/411) /pfs/data5/home/kit/anthropomatik/lk7828/yolo/yolov5/yolov5-1/data/videos/WeChat_20240529161731.mp4: 384x640 1 Walking, 5.4ms
video 1/1 (54/411) /pfs/data5/home/kit/anthropomatik/lk7828/yolo/yolov5/yolov5-1/data/videos/WeChat_20240529161731.mp4: 384x640 1 Walking, 5.5ms
video 1/1 (55/411) /pfs/data5/home/kit/anthropomatik/lk7828/yolo/yolov5/yolov5-1/data/videos/WeChat_20240529161731.mp4: 384x640 1 Walking, 5.5ms
video 1/1 (56/411) /pfs/data5/home/kit/anthropomatik/lk7828/yolo/yolov5/yolov5-1/data/videos/WeChat_20240529161731.mp4: 384x640 1 Walking, 5.4ms
video 1/1 (57/411) /pfs/data5/home/kit/anthropomatik/lk7828/yolo/yolov5/yolov5-1/data/videos/WeChat_20240529161731.mp4: 384x640 1 Walking, 5.5ms
video 1/1 (58/411) /pfs/data5/home/kit/anthropomatik/lk7828/yolo/yolov5/yolov5-1/data/videos/WeChat_20240529161731.mp4: 384x640 1 Walking, 5.4ms
video 1/1 (59/411) /pfs/data5/home/kit/anthropomatik/lk7828/yolo/yolov5/yolov5-1/data/videos/WeChat_20240529161731.mp4: 384x640 1 Walking, 5.4ms
video 1/1 (60/411) /pfs/data5/home/kit/anthropomatik/lk7828/yolo/yolov5/yolov5-1/data/videos/WeChat_20240529161731.mp4: 384x640 1 Walking, 5.5ms
video 1/1 (61/411) /pfs/data5/home/kit/anthropomatik/lk7828/yolo/yolov5/yolov5-1/data/videos/WeChat_20240529161731.mp4: 384x640 1 Walking, 5.4ms
video 1/1 (62/411) /pfs/data5/home/kit/anthropomatik/lk7828/yolo/yolov5/yolov5-1/data/videos/WeChat_20240529161731.mp4: 384x640 1 Walking, 5.4ms
video 1/1 (63/411) /pfs/data5/home/kit/anthropomatik/lk7828/yolo/yolov5/yolov5-1/data/videos/WeChat_20240529161731.mp4: 384x640 1 Walking, 5.4ms
video 1/1 (64/411) /pfs/data5/home/kit/anthropomatik/lk7828/yolo/yolov5/yolov5-1/data/videos/WeChat_20240529161731.mp4: 384x640 1 Walking, 5.4ms
video 1/1 (65/411) /pfs/data5/home/kit/anthropomatik/lk7828/yolo/yolov5/yolov5-1/data/videos/WeChat_20240529161731.mp4: 384x640 1 Fall-Detected, 1 Walking, 5.5ms
video 1/1 (66/411) /pfs/data5/home/kit/anthropomatik/lk7828/yolo/yolov5/yolov5-1/data/videos/WeChat_20240529161731.mp4: 384x640 1 Walking, 5.5ms
video 1/1 (67/411) /pfs/data5/home/kit/anthropomatik/lk7828/yolo/yolov5/yolov5-1/data/videos/WeChat_20240529161731.mp4: 384x640 1 Fall-Detected, 1 Walking, 5.5ms
video 1/1 (68/411) /pfs/data5/home/kit/anthropomatik/lk7828/yolo/yolov5/yolov5-1/data/videos/WeChat_20240529161731.mp4: 384x640 1 Fall-Detected, 1 Walking, 5.5ms
video 1/1 (69/411) /pfs/data5/home/kit/anthropomatik/lk7828/yolo/yolov5/yolov5-1/data/videos/WeChat_20240529161731.mp4: 384x640 1 Fall-Detected, 1 Walking, 5.5ms
video 1/1 (70/411) /pfs/data5/home/kit/anthropomatik/lk7828/yolo/yolov5/yolov5-1/data/videos/WeChat_20240529161731.mp4: 384x640 1 Fall-Detected, 1 Walking, 5.4ms
video 1/1 (71/411) /pfs/data5/home/kit/anthropomatik/lk7828/yolo/yolov5/yolov5-1/data/videos/WeChat_20240529161731.mp4: 384x640 1 Fall-Detected, 1 Walking, 5.5ms
video 1/1 (72/411) /pfs/data5/home/kit/anthropomatik/lk7828/yolo/yolov5/yolov5-1/data/videos/WeChat_20240529161731.mp4: 384x640 1 Fall-Detected, 1 Walking, 5.4ms
video 1/1 (73/411) /pfs/data5/home/kit/anthropomatik/lk7828/yolo/yolov5/yolov5-1/data/videos/WeChat_20240529161731.mp4: 384x640 1 Fall-Detected, 1 Walking, 5.4ms
video 1/1 (74/411) /pfs/data5/home/kit/anthropomatik/lk7828/yolo/yolov5/yolov5-1/data/videos/WeChat_20240529161731.mp4: 384x640 1 Fall-Detected, 1 Walking, 5.4ms
video 1/1 (75/411) /pfs/data5/home/kit/anthropomatik/lk7828/yolo/yolov5/yolov5-1/data/videos/WeChat_20240529161731.mp4: 384x640 1 Fall-Detected, 1 Walking, 5.4ms
video 1/1 (76/411) /pfs/data5/home/kit/anthropomatik/lk7828/yolo/yolov5/yolov5-1/data/videos/WeChat_20240529161731.mp4: 384x640 1 Fall-Detected, 1 Walking, 5.4ms
video 1/1 (77/411) /pfs/data5/home/kit/anthropomatik/lk7828/yolo/yolov5/yolov5-1/data/videos/WeChat_20240529161731.mp4: 384x640 1 Fall-Detected, 1 Walking, 5.4ms
video 1/1 (78/411) /pfs/data5/home/kit/anthropomatik/lk7828/yolo/yolov5/yolov5-1/data/videos/WeChat_20240529161731.mp4: 384x640 1 Fall-Detected, 1 Walking, 5.5ms
video 1/1 (79/411) /pfs/data5/home/kit/anthropomatik/lk7828/yolo/yolov5/yolov5-1/data/videos/WeChat_20240529161731.mp4: 384x640 1 Fall-Detected, 1 Walking, 5.4ms
video 1/1 (80/411) /pfs/data5/home/kit/anthropomatik/lk7828/yolo/yolov5/yolov5-1/data/videos/WeChat_20240529161731.mp4: 384x640 1 Fall-Detected, 1 Walking, 5.4ms
video 1/1 (81/411) /pfs/data5/home/kit/anthropomatik/lk7828/yolo/yolov5/yolov5-1/data/videos/WeChat_20240529161731.mp4: 384x640 1 Fall-Detected, 1 Walking, 5.4ms
video 1/1 (82/411) /pfs/data5/home/kit/anthropomatik/lk7828/yolo/yolov5/yolov5-1/data/videos/WeChat_20240529161731.mp4: 384x640 1 Fall-Detected, 1 Walking, 5.5ms
video 1/1 (83/411) /pfs/data5/home/kit/anthropomatik/lk7828/yolo/yolov5/yolov5-1/data/videos/WeChat_20240529161731.mp4: 384x640 1 Fall-Detected, 1 Walking, 5.4ms
video 1/1 (84/411) /pfs/data5/home/kit/anthropomatik/lk7828/yolo/yolov5/yolov5-1/data/videos/WeChat_20240529161731.mp4: 384x640 1 Fall-Detected, 1 Walking, 5.4ms
video 1/1 (85/411) /pfs/data5/home/kit/anthropomatik/lk7828/yolo/yolov5/yolov5-1/data/videos/WeChat_20240529161731.mp4: 384x640 1 Fall-Detected, 1 Walking, 7.1ms
video 1/1 (86/411) /pfs/data5/home/kit/anthropomatik/lk7828/yolo/yolov5/yolov5-1/data/videos/WeChat_20240529161731.mp4: 384x640 1 Fall-Detected, 1 Walking, 5.6ms
video 1/1 (87/411) /pfs/data5/home/kit/anthropomatik/lk7828/yolo/yolov5/yolov5-1/data/videos/WeChat_20240529161731.mp4: 384x640 1 Fall-Detected, 1 Walking, 5.5ms
video 1/1 (88/411) /pfs/data5/home/kit/anthropomatik/lk7828/yolo/yolov5/yolov5-1/data/videos/WeChat_20240529161731.mp4: 384x640 1 Fall-Detected, 1 Walking, 5.5ms
video 1/1 (89/411) /pfs/data5/home/kit/anthropomatik/lk7828/yolo/yolov5/yolov5-1/data/videos/WeChat_20240529161731.mp4: 384x640 1 Fall-Detected, 1 Walking, 5.5ms
video 1/1 (90/411) /pfs/data5/home/kit/anthropomatik/lk7828/yolo/yolov5/yolov5-1/data/videos/WeChat_20240529161731.mp4: 384x640 1 Fall-Detected, 1 Walking, 5.5ms
video 1/1 (91/411) /pfs/data5/home/kit/anthropomatik/lk7828/yolo/yolov5/yolov5-1/data/videos/WeChat_20240529161731.mp4: 384x640 1 Fall-Detected, 1 Walking, 5.5ms
video 1/1 (92/411) /pfs/data5/home/kit/anthropomatik/lk7828/yolo/yolov5/yolov5-1/data/videos/WeChat_20240529161731.mp4: 384x640 1 Fall-Detected, 1 Walking, 5.5ms
video 1/1 (93/411) /pfs/data5/home/kit/anthropomatik/lk7828/yolo/yolov5/yolov5-1/data/videos/WeChat_20240529161731.mp4: 384x640 1 Fall-Detected, 1 Walking, 5.5ms
video 1/1 (94/411) /pfs/data5/home/kit/anthropomatik/lk7828/yolo/yolov5/yolov5-1/data/videos/WeChat_20240529161731.mp4: 384x640 1 Fall-Detected, 1 Walking, 5.5ms
video 1/1 (95/411) /pfs/data5/home/kit/anthropomatik/lk7828/yolo/yolov5/yolov5-1/data/videos/WeChat_20240529161731.mp4: 384x640 1 Fall-Detected, 1 Walking, 5.5ms
video 1/1 (96/411) /pfs/data5/home/kit/anthropomatik/lk7828/yolo/yolov5/yolov5-1/data/videos/WeChat_20240529161731.mp4: 384x640 1 Fall-Detected, 1 Walking, 5.5ms
video 1/1 (97/411) /pfs/data5/home/kit/anthropomatik/lk7828/yolo/yolov5/yolov5-1/data/videos/WeChat_20240529161731.mp4: 384x640 1 Fall-Detected, 1 Walking, 5.5ms
video 1/1 (98/411) /pfs/data5/home/kit/anthropomatik/lk7828/yolo/yolov5/yolov5-1/data/videos/WeChat_20240529161731.mp4: 384x640 1 Fall-Detected, 1 Walking, 5.5ms
video 1/1 (99/411) /pfs/data5/home/kit/anthropomatik/lk7828/yolo/yolov5/yolov5-1/data/videos/WeChat_20240529161731.mp4: 384x640 1 Fall-Detected, 1 Walking, 5.5ms
video 1/1 (100/411) /pfs/data5/home/kit/anthropomatik/lk7828/yolo/yolov5/yolov5-1/data/videos/WeChat_20240529161731.mp4: 384x640 1 Fall-Detected, 1 Walking, 5.5ms
video 1/1 (101/411) /pfs/data5/home/kit/anthropomatik/lk7828/yolo/yolov5/yolov5-1/data/videos/WeChat_20240529161731.mp4: 384x640 1 Fall-Detected, 1 Walking, 5.5ms
video 1/1 (102/411) /pfs/data5/home/kit/anthropomatik/lk7828/yolo/yolov5/yolov5-1/data/videos/WeChat_20240529161731.mp4: 384x640 1 Fall-Detected, 1 Walking, 5.5ms
video 1/1 (103/411) /pfs/data5/home/kit/anthropomatik/lk7828/yolo/yolov5/yolov5-1/data/videos/WeChat_20240529161731.mp4: 384x640 1 Fall-Detected, 1 Walking, 5.5ms
video 1/1 (104/411) /pfs/data5/home/kit/anthropomatik/lk7828/yolo/yolov5/yolov5-1/data/videos/WeChat_20240529161731.mp4: 384x640 1 Fall-Detected, 1 Walking, 5.5ms
video 1/1 (105/411) /pfs/data5/home/kit/anthropomatik/lk7828/yolo/yolov5/yolov5-1/data/videos/WeChat_20240529161731.mp4: 384x640 1 Fall-Detected, 1 Walking, 5.5ms
video 1/1 (106/411) /pfs/data5/home/kit/anthropomatik/lk7828/yolo/yolov5/yolov5-1/data/videos/WeChat_20240529161731.mp4: 384x640 1 Fall-Detected, 1 Walking, 5.5ms
video 1/1 (107/411) /pfs/data5/home/kit/anthropomatik/lk7828/yolo/yolov5/yolov5-1/data/videos/WeChat_20240529161731.mp4: 384x640 1 Fall-Detected, 1 Walking, 5.5ms
video 1/1 (108/411) /pfs/data5/home/kit/anthropomatik/lk7828/yolo/yolov5/yolov5-1/data/videos/WeChat_20240529161731.mp4: 384x640 1 Fall-Detected, 1 Walking, 5.5ms
video 1/1 (109/411) /pfs/data5/home/kit/anthropomatik/lk7828/yolo/yolov5/yolov5-1/data/videos/WeChat_20240529161731.mp4: 384x640 1 Fall-Detected, 1 Walking, 5.5ms
video 1/1 (110/411) /pfs/data5/home/kit/anthropomatik/lk7828/yolo/yolov5/yolov5-1/data/videos/WeChat_20240529161731.mp4: 384x640 1 Fall-Detected, 1 Walking, 5.5ms
video 1/1 (111/411) /pfs/data5/home/kit/anthropomatik/lk7828/yolo/yolov5/yolov5-1/data/videos/WeChat_20240529161731.mp4: 384x640 1 Fall-Detected, 1 Walking, 5.5ms
video 1/1 (112/411) /pfs/data5/home/kit/anthropomatik/lk7828/yolo/yolov5/yolov5-1/data/videos/WeChat_20240529161731.mp4: 384x640 1 Fall-Detected, 1 Walking, 5.5ms
video 1/1 (113/411) /pfs/data5/home/kit/anthropomatik/lk7828/yolo/yolov5/yolov5-1/data/videos/WeChat_20240529161731.mp4: 384x640 1 Fall-Detected, 1 Walking, 5.5ms
video 1/1 (114/411) /pfs/data5/home/kit/anthropomatik/lk7828/yolo/yolov5/yolov5-1/data/videos/WeChat_20240529161731.mp4: 384x640 1 Fall-Detected, 1 Walking, 5.5ms
video 1/1 (115/411) /pfs/data5/home/kit/anthropomatik/lk7828/yolo/yolov5/yolov5-1/data/videos/WeChat_20240529161731.mp4: 384x640 1 Fall-Detected, 1 Walking, 5.5ms
video 1/1 (116/411) /pfs/data5/home/kit/anthropomatik/lk7828/yolo/yolov5/yolov5-1/data/videos/WeChat_20240529161731.mp4: 384x640 1 Fall-Detected, 1 Walking, 5.5ms
video 1/1 (117/411) /pfs/data5/home/kit/anthropomatik/lk7828/yolo/yolov5/yolov5-1/data/videos/WeChat_20240529161731.mp4: 384x640 1 Fall-Detected, 1 Walking, 5.5ms
video 1/1 (118/411) /pfs/data5/home/kit/anthropomatik/lk7828/yolo/yolov5/yolov5-1/data/videos/WeChat_20240529161731.mp4: 384x640 1 Fall-Detected, 1 Walking, 5.5ms
video 1/1 (119/411) /pfs/data5/home/kit/anthropomatik/lk7828/yolo/yolov5/yolov5-1/data/videos/WeChat_20240529161731.mp4: 384x640 1 Fall-Detected, 1 Walking, 5.5ms
video 1/1 (120/411) /pfs/data5/home/kit/anthropomatik/lk7828/yolo/yolov5/yolov5-1/data/videos/WeChat_20240529161731.mp4: 384x640 1 Fall-Detected, 1 Walking, 5.5ms
video 1/1 (121/411) /pfs/data5/home/kit/anthropomatik/lk7828/yolo/yolov5/yolov5-1/data/videos/WeChat_20240529161731.mp4: 384x640 1 Fall-Detected, 1 Walking, 5.5ms
video 1/1 (122/411) /pfs/data5/home/kit/anthropomatik/lk7828/yolo/yolov5/yolov5-1/data/videos/WeChat_20240529161731.mp4: 384x640 1 Fall-Detected, 1 Walking, 5.5ms
video 1/1 (123/411) /pfs/data5/home/kit/anthropomatik/lk7828/yolo/yolov5/yolov5-1/data/videos/WeChat_20240529161731.mp4: 384x640 1 Fall-Detected, 1 Walking, 5.5ms
video 1/1 (124/411) /pfs/data5/home/kit/anthropomatik/lk7828/yolo/yolov5/yolov5-1/data/videos/WeChat_20240529161731.mp4: 384x640 1 Fall-Detected, 1 Walking, 5.5ms
video 1/1 (125/411) /pfs/data5/home/kit/anthropomatik/lk7828/yolo/yolov5/yolov5-1/data/videos/WeChat_20240529161731.mp4: 384x640 1 Fall-Detected, 1 Walking, 5.5ms
video 1/1 (126/411) /pfs/data5/home/kit/anthropomatik/lk7828/yolo/yolov5/yolov5-1/data/videos/WeChat_20240529161731.mp4: 384x640 1 Fall-Detected, 1 Walking, 5.5ms
video 1/1 (127/411) /pfs/data5/home/kit/anthropomatik/lk7828/yolo/yolov5/yolov5-1/data/videos/WeChat_20240529161731.mp4: 384x640 1 Fall-Detected, 1 Walking, 5.5ms
video 1/1 (128/411) /pfs/data5/home/kit/anthropomatik/lk7828/yolo/yolov5/yolov5-1/data/videos/WeChat_20240529161731.mp4: 384x640 1 Fall-Detected, 1 Walking, 5.5ms
video 1/1 (129/411) /pfs/data5/home/kit/anthropomatik/lk7828/yolo/yolov5/yolov5-1/data/videos/WeChat_20240529161731.mp4: 384x640 1 Fall-Detected, 1 Walking, 5.5ms
video 1/1 (130/411) /pfs/data5/home/kit/anthropomatik/lk7828/yolo/yolov5/yolov5-1/data/videos/WeChat_20240529161731.mp4: 384x640 1 Fall-Detected, 1 Walking, 5.5ms
video 1/1 (131/411) /pfs/data5/home/kit/anthropomatik/lk7828/yolo/yolov5/yolov5-1/data/videos/WeChat_20240529161731.mp4: 384x640 1 Fall-Detected, 1 Walking, 5.5ms
video 1/1 (132/411) /pfs/data5/home/kit/anthropomatik/lk7828/yolo/yolov5/yolov5-1/data/videos/WeChat_20240529161731.mp4: 384x640 1 Fall-Detected, 1 Walking, 5.5ms
video 1/1 (133/411) /pfs/data5/home/kit/anthropomatik/lk7828/yolo/yolov5/yolov5-1/data/videos/WeChat_20240529161731.mp4: 384x640 1 Fall-Detected, 1 Walking, 5.5ms
video 1/1 (134/411) /pfs/data5/home/kit/anthropomatik/lk7828/yolo/yolov5/yolov5-1/data/videos/WeChat_20240529161731.mp4: 384x640 1 Fall-Detected, 5.5ms
video 1/1 (135/411) /pfs/data5/home/kit/anthropomatik/lk7828/yolo/yolov5/yolov5-1/data/videos/WeChat_20240529161731.mp4: 384x640 1 Fall-Detected, 1 Walking, 5.5ms
video 1/1 (136/411) /pfs/data5/home/kit/anthropomatik/lk7828/yolo/yolov5/yolov5-1/data/videos/WeChat_20240529161731.mp4: 384x640 1 Fall-Detected, 5.5ms
video 1/1 (137/411) /pfs/data5/home/kit/anthropomatik/lk7828/yolo/yolov5/yolov5-1/data/videos/WeChat_20240529161731.mp4: 384x640 1 Fall-Detected, 5.5ms
video 1/1 (138/411) /pfs/data5/home/kit/anthropomatik/lk7828/yolo/yolov5/yolov5-1/data/videos/WeChat_20240529161731.mp4: 384x640 1 Fall-Detected, 5.5ms
video 1/1 (139/411) /pfs/data5/home/kit/anthropomatik/lk7828/yolo/yolov5/yolov5-1/data/videos/WeChat_20240529161731.mp4: 384x640 1 Fall-Detected, 5.5ms
video 1/1 (140/411) /pfs/data5/home/kit/anthropomatik/lk7828/yolo/yolov5/yolov5-1/data/videos/WeChat_20240529161731.mp4: 384x640 1 Fall-Detected, 5.5ms
video 1/1 (141/411) /pfs/data5/home/kit/anthropomatik/lk7828/yolo/yolov5/yolov5-1/data/videos/WeChat_20240529161731.mp4: 384x640 1 Fall-Detected, 5.5ms
video 1/1 (142/411) /pfs/data5/home/kit/anthropomatik/lk7828/yolo/yolov5/yolov5-1/data/videos/WeChat_20240529161731.mp4: 384x640 1 Fall-Detected, 5.5ms
video 1/1 (143/411) /pfs/data5/home/kit/anthropomatik/lk7828/yolo/yolov5/yolov5-1/data/videos/WeChat_20240529161731.mp4: 384x640 1 Fall-Detected, 5.5ms
video 1/1 (144/411) /pfs/data5/home/kit/anthropomatik/lk7828/yolo/yolov5/yolov5-1/data/videos/WeChat_20240529161731.mp4: 384x640 1 Fall-Detected, 5.5ms
video 1/1 (145/411) /pfs/data5/home/kit/anthropomatik/lk7828/yolo/yolov5/yolov5-1/data/videos/WeChat_20240529161731.mp4: 384x640 1 Fall-Detected, 5.5ms
video 1/1 (146/411) /pfs/data5/home/kit/anthropomatik/lk7828/yolo/yolov5/yolov5-1/data/videos/WeChat_20240529161731.mp4: 384x640 1 Fall-Detected, 5.5ms
video 1/1 (147/411) /pfs/data5/home/kit/anthropomatik/lk7828/yolo/yolov5/yolov5-1/data/videos/WeChat_20240529161731.mp4: 384x640 1 Fall-Detected, 5.5ms
video 1/1 (148/411) /pfs/data5/home/kit/anthropomatik/lk7828/yolo/yolov5/yolov5-1/data/videos/WeChat_20240529161731.mp4: 384x640 1 Fall-Detected, 5.5ms
video 1/1 (149/411) /pfs/data5/home/kit/anthropomatik/lk7828/yolo/yolov5/yolov5-1/data/videos/WeChat_20240529161731.mp4: 384x640 1 Fall-Detected, 5.5ms
video 1/1 (150/411) /pfs/data5/home/kit/anthropomatik/lk7828/yolo/yolov5/yolov5-1/data/videos/WeChat_20240529161731.mp4: 384x640 1 Fall-Detected, 5.5ms
video 1/1 (151/411) /pfs/data5/home/kit/anthropomatik/lk7828/yolo/yolov5/yolov5-1/data/videos/WeChat_20240529161731.mp4: 384x640 1 Fall-Detected, 5.5ms
video 1/1 (152/411) /pfs/data5/home/kit/anthropomatik/lk7828/yolo/yolov5/yolov5-1/data/videos/WeChat_20240529161731.mp4: 384x640 1 Fall-Detected, 1 Walking, 5.5ms
video 1/1 (153/411) /pfs/data5/home/kit/anthropomatik/lk7828/yolo/yolov5/yolov5-1/data/videos/WeChat_20240529161731.mp4: 384x640 1 Fall-Detected, 1 Walking, 5.5ms
video 1/1 (154/411) /pfs/data5/home/kit/anthropomatik/lk7828/yolo/yolov5/yolov5-1/data/videos/WeChat_20240529161731.mp4: 384x640 1 Fall-Detected, 1 Walking, 5.5ms
video 1/1 (155/411) /pfs/data5/home/kit/anthropomatik/lk7828/yolo/yolov5/yolov5-1/data/videos/WeChat_20240529161731.mp4: 384x640 1 Fall-Detected, 1 Walking, 5.5ms
video 1/1 (156/411) /pfs/data5/home/kit/anthropomatik/lk7828/yolo/yolov5/yolov5-1/data/videos/WeChat_20240529161731.mp4: 384x640 1 Fall-Detected, 1 Walking, 5.5ms
video 1/1 (157/411) /pfs/data5/home/kit/anthropomatik/lk7828/yolo/yolov5/yolov5-1/data/videos/WeChat_20240529161731.mp4: 384x640 1 Fall-Detected, 1 Walking, 5.5ms
video 1/1 (158/411) /pfs/data5/home/kit/anthropomatik/lk7828/yolo/yolov5/yolov5-1/data/videos/WeChat_20240529161731.mp4: 384x640 1 Fall-Detected, 1 Walking, 5.5ms
video 1/1 (159/411) /pfs/data5/home/kit/anthropomatik/lk7828/yolo/yolov5/yolov5-1/data/videos/WeChat_20240529161731.mp4: 384x640 1 Fall-Detected, 1 Walking, 5.5ms
video 1/1 (160/411) /pfs/data5/home/kit/anthropomatik/lk7828/yolo/yolov5/yolov5-1/data/videos/WeChat_20240529161731.mp4: 384x640 1 Fall-Detected, 1 Walking, 5.5ms
video 1/1 (161/411) /pfs/data5/home/kit/anthropomatik/lk7828/yolo/yolov5/yolov5-1/data/videos/WeChat_20240529161731.mp4: 384x640 1 Fall-Detected, 1 Walking, 5.5ms
video 1/1 (162/411) /pfs/data5/home/kit/anthropomatik/lk7828/yolo/yolov5/yolov5-1/data/videos/WeChat_20240529161731.mp4: 384x640 1 Fall-Detected, 1 Walking, 5.5ms
video 1/1 (163/411) /pfs/data5/home/kit/anthropomatik/lk7828/yolo/yolov5/yolov5-1/data/videos/WeChat_20240529161731.mp4: 384x640 1 Fall-Detected, 1 Walking, 5.5ms
video 1/1 (164/411) /pfs/data5/home/kit/anthropomatik/lk7828/yolo/yolov5/yolov5-1/data/videos/WeChat_20240529161731.mp4: 384x640 1 Fall-Detected, 1 Walking, 5.5ms
video 1/1 (165/411) /pfs/data5/home/kit/anthropomatik/lk7828/yolo/yolov5/yolov5-1/data/videos/WeChat_20240529161731.mp4: 384x640 1 Walking, 5.5ms
video 1/1 (166/411) /pfs/data5/home/kit/anthropomatik/lk7828/yolo/yolov5/yolov5-1/data/videos/WeChat_20240529161731.mp4: 384x640 1 Walking, 5.5ms
video 1/1 (167/411) /pfs/data5/home/kit/anthropomatik/lk7828/yolo/yolov5/yolov5-1/data/videos/WeChat_20240529161731.mp4: 384x640 1 Walking, 5.5ms
video 1/1 (168/411) /pfs/data5/home/kit/anthropomatik/lk7828/yolo/yolov5/yolov5-1/data/videos/WeChat_20240529161731.mp4: 384x640 1 Fall-Detected, 1 Walking, 5.5ms
video 1/1 (169/411) /pfs/data5/home/kit/anthropomatik/lk7828/yolo/yolov5/yolov5-1/data/videos/WeChat_20240529161731.mp4: 384x640 1 Walking, 5.5ms
video 1/1 (170/411) /pfs/data5/home/kit/anthropomatik/lk7828/yolo/yolov5/yolov5-1/data/videos/WeChat_20240529161731.mp4: 384x640 1 Fall-Detected, 1 Walking, 5.5ms
video 1/1 (171/411) /pfs/data5/home/kit/anthropomatik/lk7828/yolo/yolov5/yolov5-1/data/videos/WeChat_20240529161731.mp4: 384x640 1 Fall-Detected, 1 Walking, 5.5ms
video 1/1 (172/411) /pfs/data5/home/kit/anthropomatik/lk7828/yolo/yolov5/yolov5-1/data/videos/WeChat_20240529161731.mp4: 384x640 1 Walking, 5.5ms
video 1/1 (173/411) /pfs/data5/home/kit/anthropomatik/lk7828/yolo/yolov5/yolov5-1/data/videos/WeChat_20240529161731.mp4: 384x640 (no detections), 5.5ms
video 1/1 (174/411) /pfs/data5/home/kit/anthropomatik/lk7828/yolo/yolov5/yolov5-1/data/videos/WeChat_20240529161731.mp4: 384x640 1 Walking, 5.5ms
video 1/1 (175/411) /pfs/data5/home/kit/anthropomatik/lk7828/yolo/yolov5/yolov5-1/data/videos/WeChat_20240529161731.mp4: 384x640 1 Walking, 5.5ms
video 1/1 (176/411) /pfs/data5/home/kit/anthropomatik/lk7828/yolo/yolov5/yolov5-1/data/videos/WeChat_20240529161731.mp4: 384x640 1 Walking, 5.5ms
video 1/1 (177/411) /pfs/data5/home/kit/anthropomatik/lk7828/yolo/yolov5/yolov5-1/data/videos/WeChat_20240529161731.mp4: 384x640 1 Walking, 5.5ms
video 1/1 (178/411) /pfs/data5/home/kit/anthropomatik/lk7828/yolo/yolov5/yolov5-1/data/videos/WeChat_20240529161731.mp4: 384x640 1 Walking, 5.5ms
video 1/1 (179/411) /pfs/data5/home/kit/anthropomatik/lk7828/yolo/yolov5/yolov5-1/data/videos/WeChat_20240529161731.mp4: 384x640 1 Walking, 5.4ms
video 1/1 (180/411) /pfs/data5/home/kit/anthropomatik/lk7828/yolo/yolov5/yolov5-1/data/videos/WeChat_20240529161731.mp4: 384x640 1 Walking, 5.5ms
video 1/1 (181/411) /pfs/data5/home/kit/anthropomatik/lk7828/yolo/yolov5/yolov5-1/data/videos/WeChat_20240529161731.mp4: 384x640 1 Walking, 5.5ms
video 1/1 (182/411) /pfs/data5/home/kit/anthropomatik/lk7828/yolo/yolov5/yolov5-1/data/videos/WeChat_20240529161731.mp4: 384x640 1 Walking, 5.5ms
video 1/1 (183/411) /pfs/data5/home/kit/anthropomatik/lk7828/yolo/yolov5/yolov5-1/data/videos/WeChat_20240529161731.mp4: 384x640 1 Fall-Detected, 1 Walking, 5.5ms
video 1/1 (184/411) /pfs/data5/home/kit/anthropomatik/lk7828/yolo/yolov5/yolov5-1/data/videos/WeChat_20240529161731.mp4: 384x640 1 Fall-Detected, 1 Walking, 5.5ms
video 1/1 (185/411) /pfs/data5/home/kit/anthropomatik/lk7828/yolo/yolov5/yolov5-1/data/videos/WeChat_20240529161731.mp4: 384x640 1 Fall-Detected, 1 Walking, 5.5ms
video 1/1 (186/411) /pfs/data5/home/kit/anthropomatik/lk7828/yolo/yolov5/yolov5-1/data/videos/WeChat_20240529161731.mp4: 384x640 1 Fall-Detected, 1 Walking, 5.5ms
video 1/1 (187/411) /pfs/data5/home/kit/anthropomatik/lk7828/yolo/yolov5/yolov5-1/data/videos/WeChat_20240529161731.mp4: 384x640 1 Fall-Detected, 1 Walking, 5.5ms
video 1/1 (188/411) /pfs/data5/home/kit/anthropomatik/lk7828/yolo/yolov5/yolov5-1/data/videos/WeChat_20240529161731.mp4: 384x640 1 Fall-Detected, 1 Walking, 5.5ms
video 1/1 (189/411) /pfs/data5/home/kit/anthropomatik/lk7828/yolo/yolov5/yolov5-1/data/videos/WeChat_20240529161731.mp4: 384x640 1 Fall-Detected, 1 Walking, 5.5ms
video 1/1 (190/411) /pfs/data5/home/kit/anthropomatik/lk7828/yolo/yolov5/yolov5-1/data/videos/WeChat_20240529161731.mp4: 384x640 1 Fall-Detected, 1 Walking, 5.5ms
video 1/1 (191/411) /pfs/data5/home/kit/anthropomatik/lk7828/yolo/yolov5/yolov5-1/data/videos/WeChat_20240529161731.mp4: 384x640 1 Fall-Detected, 1 Walking, 5.5ms
video 1/1 (192/411) /pfs/data5/home/kit/anthropomatik/lk7828/yolo/yolov5/yolov5-1/data/videos/WeChat_20240529161731.mp4: 384x640 1 Fall-Detected, 1 Walking, 5.5ms
video 1/1 (193/411) /pfs/data5/home/kit/anthropomatik/lk7828/yolo/yolov5/yolov5-1/data/videos/WeChat_20240529161731.mp4: 384x640 1 Fall-Detected, 1 Walking, 5.5ms
video 1/1 (194/411) /pfs/data5/home/kit/anthropomatik/lk7828/yolo/yolov5/yolov5-1/data/videos/WeChat_20240529161731.mp4: 384x640 1 Fall-Detected, 1 Walking, 5.5ms
video 1/1 (195/411) /pfs/data5/home/kit/anthropomatik/lk7828/yolo/yolov5/yolov5-1/data/videos/WeChat_20240529161731.mp4: 384x640 1 Fall-Detected, 1 Walking, 5.5ms
video 1/1 (196/411) /pfs/data5/home/kit/anthropomatik/lk7828/yolo/yolov5/yolov5-1/data/videos/WeChat_20240529161731.mp4: 384x640 1 Fall-Detected, 1 Walking, 5.5ms
video 1/1 (197/411) /pfs/data5/home/kit/anthropomatik/lk7828/yolo/yolov5/yolov5-1/data/videos/WeChat_20240529161731.mp4: 384x640 1 Walking, 5.5ms
video 1/1 (198/411) /pfs/data5/home/kit/anthropomatik/lk7828/yolo/yolov5/yolov5-1/data/videos/WeChat_20240529161731.mp4: 384x640 1 Walking, 5.5ms
video 1/1 (199/411) /pfs/data5/home/kit/anthropomatik/lk7828/yolo/yolov5/yolov5-1/data/videos/WeChat_20240529161731.mp4: 384x640 1 Walking, 5.5ms
video 1/1 (200/411) /pfs/data5/home/kit/anthropomatik/lk7828/yolo/yolov5/yolov5-1/data/videos/WeChat_20240529161731.mp4: 384x640 1 Walking, 5.5ms
video 1/1 (201/411) /pfs/data5/home/kit/anthropomatik/lk7828/yolo/yolov5/yolov5-1/data/videos/WeChat_20240529161731.mp4: 384x640 1 Walking, 5.5ms
video 1/1 (202/411) /pfs/data5/home/kit/anthropomatik/lk7828/yolo/yolov5/yolov5-1/data/videos/WeChat_20240529161731.mp4: 384x640 2 Walkings, 5.5ms
video 1/1 (203/411) /pfs/data5/home/kit/anthropomatik/lk7828/yolo/yolov5/yolov5-1/data/videos/WeChat_20240529161731.mp4: 384x640 2 Walkings, 5.5ms
video 1/1 (204/411) /pfs/data5/home/kit/anthropomatik/lk7828/yolo/yolov5/yolov5-1/data/videos/WeChat_20240529161731.mp4: 384x640 1 Walking, 5.5ms
video 1/1 (205/411) /pfs/data5/home/kit/anthropomatik/lk7828/yolo/yolov5/yolov5-1/data/videos/WeChat_20240529161731.mp4: 384x640 2 Walkings, 5.5ms
video 1/1 (206/411) /pfs/data5/home/kit/anthropomatik/lk7828/yolo/yolov5/yolov5-1/data/videos/WeChat_20240529161731.mp4: 384x640 2 Walkings, 5.5ms
video 1/1 (207/411) /pfs/data5/home/kit/anthropomatik/lk7828/yolo/yolov5/yolov5-1/data/videos/WeChat_20240529161731.mp4: 384x640 2 Walkings, 5.5ms
video 1/1 (208/411) /pfs/data5/home/kit/anthropomatik/lk7828/yolo/yolov5/yolov5-1/data/videos/WeChat_20240529161731.mp4: 384x640 1 Walking, 5.5ms
video 1/1 (209/411) /pfs/data5/home/kit/anthropomatik/lk7828/yolo/yolov5/yolov5-1/data/videos/WeChat_20240529161731.mp4: 384x640 2 Walkings, 5.5ms
video 1/1 (210/411) /pfs/data5/home/kit/anthropomatik/lk7828/yolo/yolov5/yolov5-1/data/videos/WeChat_20240529161731.mp4: 384x640 2 Walkings, 5.5ms
video 1/1 (211/411) /pfs/data5/home/kit/anthropomatik/lk7828/yolo/yolov5/yolov5-1/data/videos/WeChat_20240529161731.mp4: 384x640 1 Walking, 5.5ms
video 1/1 (212/411) /pfs/data5/home/kit/anthropomatik/lk7828/yolo/yolov5/yolov5-1/data/videos/WeChat_20240529161731.mp4: 384x640 (no detections), 5.5ms
video 1/1 (213/411) /pfs/data5/home/kit/anthropomatik/lk7828/yolo/yolov5/yolov5-1/data/videos/WeChat_20240529161731.mp4: 384x640 (no detections), 5.5ms
video 1/1 (214/411) /pfs/data5/home/kit/anthropomatik/lk7828/yolo/yolov5/yolov5-1/data/videos/WeChat_20240529161731.mp4: 384x640 1 Walking, 5.5ms
video 1/1 (215/411) /pfs/data5/home/kit/anthropomatik/lk7828/yolo/yolov5/yolov5-1/data/videos/WeChat_20240529161731.mp4: 384x640 1 Walking, 5.5ms
video 1/1 (216/411) /pfs/data5/home/kit/anthropomatik/lk7828/yolo/yolov5/yolov5-1/data/videos/WeChat_20240529161731.mp4: 384x640 (no detections), 5.5ms
video 1/1 (217/411) /pfs/data5/home/kit/anthropomatik/lk7828/yolo/yolov5/yolov5-1/data/videos/WeChat_20240529161731.mp4: 384x640 (no detections), 5.5ms
video 1/1 (218/411) /pfs/data5/home/kit/anthropomatik/lk7828/yolo/yolov5/yolov5-1/data/videos/WeChat_20240529161731.mp4: 384x640 (no detections), 5.5ms
video 1/1 (219/411) /pfs/data5/home/kit/anthropomatik/lk7828/yolo/yolov5/yolov5-1/data/videos/WeChat_20240529161731.mp4: 384x640 (no detections), 5.5ms
video 1/1 (220/411) /pfs/data5/home/kit/anthropomatik/lk7828/yolo/yolov5/yolov5-1/data/videos/WeChat_20240529161731.mp4: 384x640 (no detections), 5.4ms
video 1/1 (221/411) /pfs/data5/home/kit/anthropomatik/lk7828/yolo/yolov5/yolov5-1/data/videos/WeChat_20240529161731.mp4: 384x640 (no detections), 5.5ms
video 1/1 (222/411) /pfs/data5/home/kit/anthropomatik/lk7828/yolo/yolov5/yolov5-1/data/videos/WeChat_20240529161731.mp4: 384x640 (no detections), 5.5ms
video 1/1 (223/411) /pfs/data5/home/kit/anthropomatik/lk7828/yolo/yolov5/yolov5-1/data/videos/WeChat_20240529161731.mp4: 384x640 (no detections), 5.5ms
video 1/1 (224/411) /pfs/data5/home/kit/anthropomatik/lk7828/yolo/yolov5/yolov5-1/data/videos/WeChat_20240529161731.mp4: 384x640 (no detections), 5.5ms
video 1/1 (225/411) /pfs/data5/home/kit/anthropomatik/lk7828/yolo/yolov5/yolov5-1/data/videos/WeChat_20240529161731.mp4: 384x640 (no detections), 5.5ms
video 1/1 (226/411) /pfs/data5/home/kit/anthropomatik/lk7828/yolo/yolov5/yolov5-1/data/videos/WeChat_20240529161731.mp4: 384x640 1 Walking, 5.5ms
video 1/1 (227/411) /pfs/data5/home/kit/anthropomatik/lk7828/yolo/yolov5/yolov5-1/data/videos/WeChat_20240529161731.mp4: 384x640 1 Walking, 5.5ms
video 1/1 (228/411) /pfs/data5/home/kit/anthropomatik/lk7828/yolo/yolov5/yolov5-1/data/videos/WeChat_20240529161731.mp4: 384x640 (no detections), 5.5ms
video 1/1 (229/411) /pfs/data5/home/kit/anthropomatik/lk7828/yolo/yolov5/yolov5-1/data/videos/WeChat_20240529161731.mp4: 384x640 (no detections), 5.5ms
video 1/1 (230/411) /pfs/data5/home/kit/anthropomatik/lk7828/yolo/yolov5/yolov5-1/data/videos/WeChat_20240529161731.mp4: 384x640 1 Walking, 5.5ms
video 1/1 (231/411) /pfs/data5/home/kit/anthropomatik/lk7828/yolo/yolov5/yolov5-1/data/videos/WeChat_20240529161731.mp4: 384x640 (no detections), 5.5ms
video 1/1 (232/411) /pfs/data5/home/kit/anthropomatik/lk7828/yolo/yolov5/yolov5-1/data/videos/WeChat_20240529161731.mp4: 384x640 1 Walking, 5.5ms
video 1/1 (233/411) /pfs/data5/home/kit/anthropomatik/lk7828/yolo/yolov5/yolov5-1/data/videos/WeChat_20240529161731.mp4: 384x640 1 Walking, 5.5ms
video 1/1 (234/411) /pfs/data5/home/kit/anthropomatik/lk7828/yolo/yolov5/yolov5-1/data/videos/WeChat_20240529161731.mp4: 384x640 1 Walking, 5.5ms
video 1/1 (235/411) /pfs/data5/home/kit/anthropomatik/lk7828/yolo/yolov5/yolov5-1/data/videos/WeChat_20240529161731.mp4: 384x640 (no detections), 5.5ms
video 1/1 (236/411) /pfs/data5/home/kit/anthropomatik/lk7828/yolo/yolov5/yolov5-1/data/videos/WeChat_20240529161731.mp4: 384x640 1 Walking, 5.5ms
video 1/1 (237/411) /pfs/data5/home/kit/anthropomatik/lk7828/yolo/yolov5/yolov5-1/data/videos/WeChat_20240529161731.mp4: 384x640 1 Walking, 5.5ms
video 1/1 (238/411) /pfs/data5/home/kit/anthropomatik/lk7828/yolo/yolov5/yolov5-1/data/videos/WeChat_20240529161731.mp4: 384x640 1 Walking, 5.5ms
video 1/1 (239/411) /pfs/data5/home/kit/anthropomatik/lk7828/yolo/yolov5/yolov5-1/data/videos/WeChat_20240529161731.mp4: 384x640 1 Walking, 5.5ms
video 1/1 (240/411) /pfs/data5/home/kit/anthropomatik/lk7828/yolo/yolov5/yolov5-1/data/videos/WeChat_20240529161731.mp4: 384x640 1 Walking, 5.5ms
video 1/1 (241/411) /pfs/data5/home/kit/anthropomatik/lk7828/yolo/yolov5/yolov5-1/data/videos/WeChat_20240529161731.mp4: 384x640 1 Walking, 5.5ms
video 1/1 (242/411) /pfs/data5/home/kit/anthropomatik/lk7828/yolo/yolov5/yolov5-1/data/videos/WeChat_20240529161731.mp4: 384x640 1 Walking, 5.5ms
video 1/1 (243/411) /pfs/data5/home/kit/anthropomatik/lk7828/yolo/yolov5/yolov5-1/data/videos/WeChat_20240529161731.mp4: 384x640 1 Walking, 5.5ms
video 1/1 (244/411) /pfs/data5/home/kit/anthropomatik/lk7828/yolo/yolov5/yolov5-1/data/videos/WeChat_20240529161731.mp4: 384x640 1 Walking, 5.5ms
video 1/1 (245/411) /pfs/data5/home/kit/anthropomatik/lk7828/yolo/yolov5/yolov5-1/data/videos/WeChat_20240529161731.mp4: 384x640 1 Walking, 5.5ms
video 1/1 (246/411) /pfs/data5/home/kit/anthropomatik/lk7828/yolo/yolov5/yolov5-1/data/videos/WeChat_20240529161731.mp4: 384x640 1 Walking, 5.5ms
video 1/1 (247/411) /pfs/data5/home/kit/anthropomatik/lk7828/yolo/yolov5/yolov5-1/data/videos/WeChat_20240529161731.mp4: 384x640 1 Walking, 5.5ms
video 1/1 (248/411) /pfs/data5/home/kit/anthropomatik/lk7828/yolo/yolov5/yolov5-1/data/videos/WeChat_20240529161731.mp4: 384x640 (no detections), 5.5ms
video 1/1 (249/411) /pfs/data5/home/kit/anthropomatik/lk7828/yolo/yolov5/yolov5-1/data/videos/WeChat_20240529161731.mp4: 384x640 1 Walking, 5.5ms
video 1/1 (250/411) /pfs/data5/home/kit/anthropomatik/lk7828/yolo/yolov5/yolov5-1/data/videos/WeChat_20240529161731.mp4: 384x640 (no detections), 5.5ms
video 1/1 (251/411) /pfs/data5/home/kit/anthropomatik/lk7828/yolo/yolov5/yolov5-1/data/videos/WeChat_20240529161731.mp4: 384x640 (no detections), 5.5ms
video 1/1 (252/411) /pfs/data5/home/kit/anthropomatik/lk7828/yolo/yolov5/yolov5-1/data/videos/WeChat_20240529161731.mp4: 384x640 1 Walking, 5.5ms
video 1/1 (253/411) /pfs/data5/home/kit/anthropomatik/lk7828/yolo/yolov5/yolov5-1/data/videos/WeChat_20240529161731.mp4: 384x640 (no detections), 5.5ms
video 1/1 (254/411) /pfs/data5/home/kit/anthropomatik/lk7828/yolo/yolov5/yolov5-1/data/videos/WeChat_20240529161731.mp4: 384x640 (no detections), 5.5ms
video 1/1 (255/411) /pfs/data5/home/kit/anthropomatik/lk7828/yolo/yolov5/yolov5-1/data/videos/WeChat_20240529161731.mp4: 384x640 (no detections), 5.5ms
video 1/1 (256/411) /pfs/data5/home/kit/anthropomatik/lk7828/yolo/yolov5/yolov5-1/data/videos/WeChat_20240529161731.mp4: 384x640 (no detections), 5.5ms
video 1/1 (257/411) /pfs/data5/home/kit/anthropomatik/lk7828/yolo/yolov5/yolov5-1/data/videos/WeChat_20240529161731.mp4: 384x640 (no detections), 5.5ms
video 1/1 (258/411) /pfs/data5/home/kit/anthropomatik/lk7828/yolo/yolov5/yolov5-1/data/videos/WeChat_20240529161731.mp4: 384x640 (no detections), 5.5ms
video 1/1 (259/411) /pfs/data5/home/kit/anthropomatik/lk7828/yolo/yolov5/yolov5-1/data/videos/WeChat_20240529161731.mp4: 384x640 (no detections), 5.5ms
video 1/1 (260/411) /pfs/data5/home/kit/anthropomatik/lk7828/yolo/yolov5/yolov5-1/data/videos/WeChat_20240529161731.mp4: 384x640 (no detections), 5.5ms
video 1/1 (261/411) /pfs/data5/home/kit/anthropomatik/lk7828/yolo/yolov5/yolov5-1/data/videos/WeChat_20240529161731.mp4: 384x640 (no detections), 5.5ms
video 1/1 (262/411) /pfs/data5/home/kit/anthropomatik/lk7828/yolo/yolov5/yolov5-1/data/videos/WeChat_20240529161731.mp4: 384x640 (no detections), 5.5ms
video 1/1 (263/411) /pfs/data5/home/kit/anthropomatik/lk7828/yolo/yolov5/yolov5-1/data/videos/WeChat_20240529161731.mp4: 384x640 (no detections), 5.5ms
video 1/1 (264/411) /pfs/data5/home/kit/anthropomatik/lk7828/yolo/yolov5/yolov5-1/data/videos/WeChat_20240529161731.mp4: 384x640 (no detections), 5.5ms
video 1/1 (265/411) /pfs/data5/home/kit/anthropomatik/lk7828/yolo/yolov5/yolov5-1/data/videos/WeChat_20240529161731.mp4: 384x640 (no detections), 5.5ms
video 1/1 (266/411) /pfs/data5/home/kit/anthropomatik/lk7828/yolo/yolov5/yolov5-1/data/videos/WeChat_20240529161731.mp4: 384x640 (no detections), 5.5ms
video 1/1 (267/411) /pfs/data5/home/kit/anthropomatik/lk7828/yolo/yolov5/yolov5-1/data/videos/WeChat_20240529161731.mp4: 384x640 (no detections), 5.5ms
video 1/1 (268/411) /pfs/data5/home/kit/anthropomatik/lk7828/yolo/yolov5/yolov5-1/data/videos/WeChat_20240529161731.mp4: 384x640 (no detections), 5.5ms
video 1/1 (269/411) /pfs/data5/home/kit/anthropomatik/lk7828/yolo/yolov5/yolov5-1/data/videos/WeChat_20240529161731.mp4: 384x640 (no detections), 5.5ms
video 1/1 (270/411) /pfs/data5/home/kit/anthropomatik/lk7828/yolo/yolov5/yolov5-1/data/videos/WeChat_20240529161731.mp4: 384x640 (no detections), 5.5ms
video 1/1 (271/411) /pfs/data5/home/kit/anthropomatik/lk7828/yolo/yolov5/yolov5-1/data/videos/WeChat_20240529161731.mp4: 384x640 (no detections), 5.5ms
video 1/1 (272/411) /pfs/data5/home/kit/anthropomatik/lk7828/yolo/yolov5/yolov5-1/data/videos/WeChat_20240529161731.mp4: 384x640 (no detections), 5.5ms
video 1/1 (273/411) /pfs/data5/home/kit/anthropomatik/lk7828/yolo/yolov5/yolov5-1/data/videos/WeChat_20240529161731.mp4: 384x640 (no detections), 5.5ms
video 1/1 (274/411) /pfs/data5/home/kit/anthropomatik/lk7828/yolo/yolov5/yolov5-1/data/videos/WeChat_20240529161731.mp4: 384x640 (no detections), 5.5ms
video 1/1 (275/411) /pfs/data5/home/kit/anthropomatik/lk7828/yolo/yolov5/yolov5-1/data/videos/WeChat_20240529161731.mp4: 384x640 (no detections), 5.5ms
video 1/1 (276/411) /pfs/data5/home/kit/anthropomatik/lk7828/yolo/yolov5/yolov5-1/data/videos/WeChat_20240529161731.mp4: 384x640 (no detections), 5.5ms
video 1/1 (277/411) /pfs/data5/home/kit/anthropomatik/lk7828/yolo/yolov5/yolov5-1/data/videos/WeChat_20240529161731.mp4: 384x640 (no detections), 5.5ms
video 1/1 (278/411) /pfs/data5/home/kit/anthropomatik/lk7828/yolo/yolov5/yolov5-1/data/videos/WeChat_20240529161731.mp4: 384x640 (no detections), 5.5ms
video 1/1 (279/411) /pfs/data5/home/kit/anthropomatik/lk7828/yolo/yolov5/yolov5-1/data/videos/WeChat_20240529161731.mp4: 384x640 (no detections), 5.4ms
video 1/1 (280/411) /pfs/data5/home/kit/anthropomatik/lk7828/yolo/yolov5/yolov5-1/data/videos/WeChat_20240529161731.mp4: 384x640 (no detections), 5.5ms
video 1/1 (281/411) /pfs/data5/home/kit/anthropomatik/lk7828/yolo/yolov5/yolov5-1/data/videos/WeChat_20240529161731.mp4: 384x640 (no detections), 5.5ms
video 1/1 (282/411) /pfs/data5/home/kit/anthropomatik/lk7828/yolo/yolov5/yolov5-1/data/videos/WeChat_20240529161731.mp4: 384x640 (no detections), 5.5ms
video 1/1 (283/411) /pfs/data5/home/kit/anthropomatik/lk7828/yolo/yolov5/yolov5-1/data/videos/WeChat_20240529161731.mp4: 384x640 (no detections), 5.5ms
video 1/1 (284/411) /pfs/data5/home/kit/anthropomatik/lk7828/yolo/yolov5/yolov5-1/data/videos/WeChat_20240529161731.mp4: 384x640 (no detections), 5.5ms
video 1/1 (285/411) /pfs/data5/home/kit/anthropomatik/lk7828/yolo/yolov5/yolov5-1/data/videos/WeChat_20240529161731.mp4: 384x640 (no detections), 5.5ms
video 1/1 (286/411) /pfs/data5/home/kit/anthropomatik/lk7828/yolo/yolov5/yolov5-1/data/videos/WeChat_20240529161731.mp4: 384x640 (no detections), 5.5ms
video 1/1 (287/411) /pfs/data5/home/kit/anthropomatik/lk7828/yolo/yolov5/yolov5-1/data/videos/WeChat_20240529161731.mp4: 384x640 (no detections), 5.5ms
video 1/1 (288/411) /pfs/data5/home/kit/anthropomatik/lk7828/yolo/yolov5/yolov5-1/data/videos/WeChat_20240529161731.mp4: 384x640 (no detections), 5.5ms
video 1/1 (289/411) /pfs/data5/home/kit/anthropomatik/lk7828/yolo/yolov5/yolov5-1/data/videos/WeChat_20240529161731.mp4: 384x640 (no detections), 5.4ms
video 1/1 (290/411) /pfs/data5/home/kit/anthropomatik/lk7828/yolo/yolov5/yolov5-1/data/videos/WeChat_20240529161731.mp4: 384x640 (no detections), 5.5ms
video 1/1 (291/411) /pfs/data5/home/kit/anthropomatik/lk7828/yolo/yolov5/yolov5-1/data/videos/WeChat_20240529161731.mp4: 384x640 (no detections), 5.5ms
video 1/1 (292/411) /pfs/data5/home/kit/anthropomatik/lk7828/yolo/yolov5/yolov5-1/data/videos/WeChat_20240529161731.mp4: 384x640 (no detections), 5.5ms
video 1/1 (293/411) /pfs/data5/home/kit/anthropomatik/lk7828/yolo/yolov5/yolov5-1/data/videos/WeChat_20240529161731.mp4: 384x640 (no detections), 5.5ms
video 1/1 (294/411) /pfs/data5/home/kit/anthropomatik/lk7828/yolo/yolov5/yolov5-1/data/videos/WeChat_20240529161731.mp4: 384x640 (no detections), 5.5ms
video 1/1 (295/411) /pfs/data5/home/kit/anthropomatik/lk7828/yolo/yolov5/yolov5-1/data/videos/WeChat_20240529161731.mp4: 384x640 (no detections), 5.5ms
video 1/1 (296/411) /pfs/data5/home/kit/anthropomatik/lk7828/yolo/yolov5/yolov5-1/data/videos/WeChat_20240529161731.mp4: 384x640 (no detections), 5.4ms
video 1/1 (297/411) /pfs/data5/home/kit/anthropomatik/lk7828/yolo/yolov5/yolov5-1/data/videos/WeChat_20240529161731.mp4: 384x640 (no detections), 5.4ms
video 1/1 (298/411) /pfs/data5/home/kit/anthropomatik/lk7828/yolo/yolov5/yolov5-1/data/videos/WeChat_20240529161731.mp4: 384x640 (no detections), 5.5ms
video 1/1 (299/411) /pfs/data5/home/kit/anthropomatik/lk7828/yolo/yolov5/yolov5-1/data/videos/WeChat_20240529161731.mp4: 384x640 (no detections), 5.5ms
video 1/1 (300/411) /pfs/data5/home/kit/anthropomatik/lk7828/yolo/yolov5/yolov5-1/data/videos/WeChat_20240529161731.mp4: 384x640 (no detections), 5.5ms
video 1/1 (301/411) /pfs/data5/home/kit/anthropomatik/lk7828/yolo/yolov5/yolov5-1/data/videos/WeChat_20240529161731.mp4: 384x640 (no detections), 5.5ms
video 1/1 (302/411) /pfs/data5/home/kit/anthropomatik/lk7828/yolo/yolov5/yolov5-1/data/videos/WeChat_20240529161731.mp4: 384x640 (no detections), 5.5ms
video 1/1 (303/411) /pfs/data5/home/kit/anthropomatik/lk7828/yolo/yolov5/yolov5-1/data/videos/WeChat_20240529161731.mp4: 384x640 (no detections), 5.5ms
video 1/1 (304/411) /pfs/data5/home/kit/anthropomatik/lk7828/yolo/yolov5/yolov5-1/data/videos/WeChat_20240529161731.mp4: 384x640 (no detections), 5.5ms
video 1/1 (305/411) /pfs/data5/home/kit/anthropomatik/lk7828/yolo/yolov5/yolov5-1/data/videos/WeChat_20240529161731.mp4: 384x640 (no detections), 5.5ms
video 1/1 (306/411) /pfs/data5/home/kit/anthropomatik/lk7828/yolo/yolov5/yolov5-1/data/videos/WeChat_20240529161731.mp4: 384x640 (no detections), 5.5ms
video 1/1 (307/411) /pfs/data5/home/kit/anthropomatik/lk7828/yolo/yolov5/yolov5-1/data/videos/WeChat_20240529161731.mp4: 384x640 (no detections), 5.5ms
video 1/1 (308/411) /pfs/data5/home/kit/anthropomatik/lk7828/yolo/yolov5/yolov5-1/data/videos/WeChat_20240529161731.mp4: 384x640 (no detections), 5.5ms
video 1/1 (309/411) /pfs/data5/home/kit/anthropomatik/lk7828/yolo/yolov5/yolov5-1/data/videos/WeChat_20240529161731.mp4: 384x640 (no detections), 5.5ms
video 1/1 (310/411) /pfs/data5/home/kit/anthropomatik/lk7828/yolo/yolov5/yolov5-1/data/videos/WeChat_20240529161731.mp4: 384x640 (no detections), 5.5ms
video 1/1 (311/411) /pfs/data5/home/kit/anthropomatik/lk7828/yolo/yolov5/yolov5-1/data/videos/WeChat_20240529161731.mp4: 384x640 (no detections), 5.5ms
video 1/1 (312/411) /pfs/data5/home/kit/anthropomatik/lk7828/yolo/yolov5/yolov5-1/data/videos/WeChat_20240529161731.mp4: 384x640 (no detections), 5.4ms
video 1/1 (313/411) /pfs/data5/home/kit/anthropomatik/lk7828/yolo/yolov5/yolov5-1/data/videos/WeChat_20240529161731.mp4: 384x640 (no detections), 5.4ms
video 1/1 (314/411) /pfs/data5/home/kit/anthropomatik/lk7828/yolo/yolov5/yolov5-1/data/videos/WeChat_20240529161731.mp4: 384x640 (no detections), 5.5ms
video 1/1 (315/411) /pfs/data5/home/kit/anthropomatik/lk7828/yolo/yolov5/yolov5-1/data/videos/WeChat_20240529161731.mp4: 384x640 (no detections), 5.4ms
video 1/1 (316/411) /pfs/data5/home/kit/anthropomatik/lk7828/yolo/yolov5/yolov5-1/data/videos/WeChat_20240529161731.mp4: 384x640 (no detections), 5.4ms
video 1/1 (317/411) /pfs/data5/home/kit/anthropomatik/lk7828/yolo/yolov5/yolov5-1/data/videos/WeChat_20240529161731.mp4: 384x640 (no detections), 5.4ms
video 1/1 (318/411) /pfs/data5/home/kit/anthropomatik/lk7828/yolo/yolov5/yolov5-1/data/videos/WeChat_20240529161731.mp4: 384x640 (no detections), 5.5ms
video 1/1 (319/411) /pfs/data5/home/kit/anthropomatik/lk7828/yolo/yolov5/yolov5-1/data/videos/WeChat_20240529161731.mp4: 384x640 (no detections), 5.5ms
video 1/1 (320/411) /pfs/data5/home/kit/anthropomatik/lk7828/yolo/yolov5/yolov5-1/data/videos/WeChat_20240529161731.mp4: 384x640 (no detections), 5.5ms
video 1/1 (321/411) /pfs/data5/home/kit/anthropomatik/lk7828/yolo/yolov5/yolov5-1/data/videos/WeChat_20240529161731.mp4: 384x640 (no detections), 5.5ms
video 1/1 (322/411) /pfs/data5/home/kit/anthropomatik/lk7828/yolo/yolov5/yolov5-1/data/videos/WeChat_20240529161731.mp4: 384x640 (no detections), 5.5ms
video 1/1 (323/411) /pfs/data5/home/kit/anthropomatik/lk7828/yolo/yolov5/yolov5-1/data/videos/WeChat_20240529161731.mp4: 384x640 (no detections), 5.4ms
video 1/1 (324/411) /pfs/data5/home/kit/anthropomatik/lk7828/yolo/yolov5/yolov5-1/data/videos/WeChat_20240529161731.mp4: 384x640 (no detections), 5.5ms
video 1/1 (325/411) /pfs/data5/home/kit/anthropomatik/lk7828/yolo/yolov5/yolov5-1/data/videos/WeChat_20240529161731.mp4: 384x640 (no detections), 5.4ms
video 1/1 (326/411) /pfs/data5/home/kit/anthropomatik/lk7828/yolo/yolov5/yolov5-1/data/videos/WeChat_20240529161731.mp4: 384x640 (no detections), 5.5ms
video 1/1 (327/411) /pfs/data5/home/kit/anthropomatik/lk7828/yolo/yolov5/yolov5-1/data/videos/WeChat_20240529161731.mp4: 384x640 (no detections), 5.5ms
video 1/1 (328/411) /pfs/data5/home/kit/anthropomatik/lk7828/yolo/yolov5/yolov5-1/data/videos/WeChat_20240529161731.mp4: 384x640 (no detections), 5.5ms
video 1/1 (329/411) /pfs/data5/home/kit/anthropomatik/lk7828/yolo/yolov5/yolov5-1/data/videos/WeChat_20240529161731.mp4: 384x640 (no detections), 5.4ms
video 1/1 (330/411) /pfs/data5/home/kit/anthropomatik/lk7828/yolo/yolov5/yolov5-1/data/videos/WeChat_20240529161731.mp4: 384x640 (no detections), 5.5ms
video 1/1 (331/411) /pfs/data5/home/kit/anthropomatik/lk7828/yolo/yolov5/yolov5-1/data/videos/WeChat_20240529161731.mp4: 384x640 (no detections), 5.5ms
video 1/1 (332/411) /pfs/data5/home/kit/anthropomatik/lk7828/yolo/yolov5/yolov5-1/data/videos/WeChat_20240529161731.mp4: 384x640 (no detections), 5.4ms
video 1/1 (333/411) /pfs/data5/home/kit/anthropomatik/lk7828/yolo/yolov5/yolov5-1/data/videos/WeChat_20240529161731.mp4: 384x640 (no detections), 5.5ms
video 1/1 (334/411) /pfs/data5/home/kit/anthropomatik/lk7828/yolo/yolov5/yolov5-1/data/videos/WeChat_20240529161731.mp4: 384x640 (no detections), 5.5ms
video 1/1 (335/411) /pfs/data5/home/kit/anthropomatik/lk7828/yolo/yolov5/yolov5-1/data/videos/WeChat_20240529161731.mp4: 384x640 (no detections), 5.5ms
video 1/1 (336/411) /pfs/data5/home/kit/anthropomatik/lk7828/yolo/yolov5/yolov5-1/data/videos/WeChat_20240529161731.mp4: 384x640 (no detections), 5.5ms
video 1/1 (337/411) /pfs/data5/home/kit/anthropomatik/lk7828/yolo/yolov5/yolov5-1/data/videos/WeChat_20240529161731.mp4: 384x640 (no detections), 5.5ms
video 1/1 (338/411) /pfs/data5/home/kit/anthropomatik/lk7828/yolo/yolov5/yolov5-1/data/videos/WeChat_20240529161731.mp4: 384x640 (no detections), 5.5ms
video 1/1 (339/411) /pfs/data5/home/kit/anthropomatik/lk7828/yolo/yolov5/yolov5-1/data/videos/WeChat_20240529161731.mp4: 384x640 (no detections), 5.5ms
video 1/1 (340/411) /pfs/data5/home/kit/anthropomatik/lk7828/yolo/yolov5/yolov5-1/data/videos/WeChat_20240529161731.mp4: 384x640 (no detections), 5.5ms
video 1/1 (341/411) /pfs/data5/home/kit/anthropomatik/lk7828/yolo/yolov5/yolov5-1/data/videos/WeChat_20240529161731.mp4: 384x640 (no detections), 5.5ms
video 1/1 (342/411) /pfs/data5/home/kit/anthropomatik/lk7828/yolo/yolov5/yolov5-1/data/videos/WeChat_20240529161731.mp4: 384x640 (no detections), 5.5ms
video 1/1 (343/411) /pfs/data5/home/kit/anthropomatik/lk7828/yolo/yolov5/yolov5-1/data/videos/WeChat_20240529161731.mp4: 384x640 (no detections), 5.5ms
video 1/1 (344/411) /pfs/data5/home/kit/anthropomatik/lk7828/yolo/yolov5/yolov5-1/data/videos/WeChat_20240529161731.mp4: 384x640 (no detections), 5.5ms
video 1/1 (345/411) /pfs/data5/home/kit/anthropomatik/lk7828/yolo/yolov5/yolov5-1/data/videos/WeChat_20240529161731.mp4: 384x640 (no detections), 5.5ms
video 1/1 (346/411) /pfs/data5/home/kit/anthropomatik/lk7828/yolo/yolov5/yolov5-1/data/videos/WeChat_20240529161731.mp4: 384x640 (no detections), 5.5ms
video 1/1 (347/411) /pfs/data5/home/kit/anthropomatik/lk7828/yolo/yolov5/yolov5-1/data/videos/WeChat_20240529161731.mp4: 384x640 (no detections), 5.4ms
video 1/1 (348/411) /pfs/data5/home/kit/anthropomatik/lk7828/yolo/yolov5/yolov5-1/data/videos/WeChat_20240529161731.mp4: 384x640 (no detections), 5.5ms
video 1/1 (349/411) /pfs/data5/home/kit/anthropomatik/lk7828/yolo/yolov5/yolov5-1/data/videos/WeChat_20240529161731.mp4: 384x640 (no detections), 5.4ms
video 1/1 (350/411) /pfs/data5/home/kit/anthropomatik/lk7828/yolo/yolov5/yolov5-1/data/videos/WeChat_20240529161731.mp4: 384x640 (no detections), 5.5ms
video 1/1 (351/411) /pfs/data5/home/kit/anthropomatik/lk7828/yolo/yolov5/yolov5-1/data/videos/WeChat_20240529161731.mp4: 384x640 (no detections), 5.5ms
video 1/1 (352/411) /pfs/data5/home/kit/anthropomatik/lk7828/yolo/yolov5/yolov5-1/data/videos/WeChat_20240529161731.mp4: 384x640 (no detections), 5.5ms
video 1/1 (353/411) /pfs/data5/home/kit/anthropomatik/lk7828/yolo/yolov5/yolov5-1/data/videos/WeChat_20240529161731.mp4: 384x640 (no detections), 5.4ms
video 1/1 (354/411) /pfs/data5/home/kit/anthropomatik/lk7828/yolo/yolov5/yolov5-1/data/videos/WeChat_20240529161731.mp4: 384x640 (no detections), 5.5ms
video 1/1 (355/411) /pfs/data5/home/kit/anthropomatik/lk7828/yolo/yolov5/yolov5-1/data/videos/WeChat_20240529161731.mp4: 384x640 (no detections), 5.5ms
video 1/1 (356/411) /pfs/data5/home/kit/anthropomatik/lk7828/yolo/yolov5/yolov5-1/data/videos/WeChat_20240529161731.mp4: 384x640 (no detections), 5.4ms
video 1/1 (357/411) /pfs/data5/home/kit/anthropomatik/lk7828/yolo/yolov5/yolov5-1/data/videos/WeChat_20240529161731.mp4: 384x640 (no detections), 5.5ms
video 1/1 (358/411) /pfs/data5/home/kit/anthropomatik/lk7828/yolo/yolov5/yolov5-1/data/videos/WeChat_20240529161731.mp4: 384x640 (no detections), 5.5ms
video 1/1 (359/411) /pfs/data5/home/kit/anthropomatik/lk7828/yolo/yolov5/yolov5-1/data/videos/WeChat_20240529161731.mp4: 384x640 (no detections), 5.4ms
video 1/1 (360/411) /pfs/data5/home/kit/anthropomatik/lk7828/yolo/yolov5/yolov5-1/data/videos/WeChat_20240529161731.mp4: 384x640 (no detections), 5.5ms
video 1/1 (361/411) /pfs/data5/home/kit/anthropomatik/lk7828/yolo/yolov5/yolov5-1/data/videos/WeChat_20240529161731.mp4: 384x640 (no detections), 5.5ms
video 1/1 (362/411) /pfs/data5/home/kit/anthropomatik/lk7828/yolo/yolov5/yolov5-1/data/videos/WeChat_20240529161731.mp4: 384x640 (no detections), 5.5ms
video 1/1 (363/411) /pfs/data5/home/kit/anthropomatik/lk7828/yolo/yolov5/yolov5-1/data/videos/WeChat_20240529161731.mp4: 384x640 (no detections), 5.5ms
video 1/1 (364/411) /pfs/data5/home/kit/anthropomatik/lk7828/yolo/yolov5/yolov5-1/data/videos/WeChat_20240529161731.mp4: 384x640 (no detections), 5.5ms
video 1/1 (365/411) /pfs/data5/home/kit/anthropomatik/lk7828/yolo/yolov5/yolov5-1/data/videos/WeChat_20240529161731.mp4: 384x640 (no detections), 5.5ms
video 1/1 (366/411) /pfs/data5/home/kit/anthropomatik/lk7828/yolo/yolov5/yolov5-1/data/videos/WeChat_20240529161731.mp4: 384x640 (no detections), 5.5ms
video 1/1 (367/411) /pfs/data5/home/kit/anthropomatik/lk7828/yolo/yolov5/yolov5-1/data/videos/WeChat_20240529161731.mp4: 384x640 (no detections), 5.5ms
video 1/1 (368/411) /pfs/data5/home/kit/anthropomatik/lk7828/yolo/yolov5/yolov5-1/data/videos/WeChat_20240529161731.mp4: 384x640 (no detections), 5.5ms
video 1/1 (369/411) /pfs/data5/home/kit/anthropomatik/lk7828/yolo/yolov5/yolov5-1/data/videos/WeChat_20240529161731.mp4: 384x640 (no detections), 5.4ms
video 1/1 (370/411) /pfs/data5/home/kit/anthropomatik/lk7828/yolo/yolov5/yolov5-1/data/videos/WeChat_20240529161731.mp4: 384x640 (no detections), 5.5ms
video 1/1 (371/411) /pfs/data5/home/kit/anthropomatik/lk7828/yolo/yolov5/yolov5-1/data/videos/WeChat_20240529161731.mp4: 384x640 (no detections), 5.5ms
video 1/1 (372/411) /pfs/data5/home/kit/anthropomatik/lk7828/yolo/yolov5/yolov5-1/data/videos/WeChat_20240529161731.mp4: 384x640 (no detections), 5.5ms
video 1/1 (373/411) /pfs/data5/home/kit/anthropomatik/lk7828/yolo/yolov5/yolov5-1/data/videos/WeChat_20240529161731.mp4: 384x640 (no detections), 5.5ms
video 1/1 (374/411) /pfs/data5/home/kit/anthropomatik/lk7828/yolo/yolov5/yolov5-1/data/videos/WeChat_20240529161731.mp4: 384x640 (no detections), 5.5ms
video 1/1 (375/411) /pfs/data5/home/kit/anthropomatik/lk7828/yolo/yolov5/yolov5-1/data/videos/WeChat_20240529161731.mp4: 384x640 (no detections), 5.5ms
video 1/1 (376/411) /pfs/data5/home/kit/anthropomatik/lk7828/yolo/yolov5/yolov5-1/data/videos/WeChat_20240529161731.mp4: 384x640 (no detections), 5.5ms
video 1/1 (377/411) /pfs/data5/home/kit/anthropomatik/lk7828/yolo/yolov5/yolov5-1/data/videos/WeChat_20240529161731.mp4: 384x640 (no detections), 5.5ms
video 1/1 (378/411) /pfs/data5/home/kit/anthropomatik/lk7828/yolo/yolov5/yolov5-1/data/videos/WeChat_20240529161731.mp4: 384x640 (no detections), 5.5ms
video 1/1 (379/411) /pfs/data5/home/kit/anthropomatik/lk7828/yolo/yolov5/yolov5-1/data/videos/WeChat_20240529161731.mp4: 384x640 (no detections), 5.5ms
video 1/1 (380/411) /pfs/data5/home/kit/anthropomatik/lk7828/yolo/yolov5/yolov5-1/data/videos/WeChat_20240529161731.mp4: 384x640 (no detections), 5.5ms
video 1/1 (381/411) /pfs/data5/home/kit/anthropomatik/lk7828/yolo/yolov5/yolov5-1/data/videos/WeChat_20240529161731.mp4: 384x640 (no detections), 7.7ms
video 1/1 (382/411) /pfs/data5/home/kit/anthropomatik/lk7828/yolo/yolov5/yolov5-1/data/videos/WeChat_20240529161731.mp4: 384x640 (no detections), 5.5ms
video 1/1 (383/411) /pfs/data5/home/kit/anthropomatik/lk7828/yolo/yolov5/yolov5-1/data/videos/WeChat_20240529161731.mp4: 384x640 (no detections), 5.5ms
video 1/1 (384/411) /pfs/data5/home/kit/anthropomatik/lk7828/yolo/yolov5/yolov5-1/data/videos/WeChat_20240529161731.mp4: 384x640 (no detections), 5.5ms
video 1/1 (385/411) /pfs/data5/home/kit/anthropomatik/lk7828/yolo/yolov5/yolov5-1/data/videos/WeChat_20240529161731.mp4: 384x640 (no detections), 5.5ms
video 1/1 (386/411) /pfs/data5/home/kit/anthropomatik/lk7828/yolo/yolov5/yolov5-1/data/videos/WeChat_20240529161731.mp4: 384x640 (no detections), 5.5ms
video 1/1 (387/411) /pfs/data5/home/kit/anthropomatik/lk7828/yolo/yolov5/yolov5-1/data/videos/WeChat_20240529161731.mp4: 384x640 (no detections), 5.4ms
video 1/1 (388/411) /pfs/data5/home/kit/anthropomatik/lk7828/yolo/yolov5/yolov5-1/data/videos/WeChat_20240529161731.mp4: 384x640 (no detections), 5.4ms
video 1/1 (389/411) /pfs/data5/home/kit/anthropomatik/lk7828/yolo/yolov5/yolov5-1/data/videos/WeChat_20240529161731.mp4: 384x640 (no detections), 5.4ms
video 1/1 (390/411) /pfs/data5/home/kit/anthropomatik/lk7828/yolo/yolov5/yolov5-1/data/videos/WeChat_20240529161731.mp4: 384x640 (no detections), 5.5ms
video 1/1 (391/411) /pfs/data5/home/kit/anthropomatik/lk7828/yolo/yolov5/yolov5-1/data/videos/WeChat_20240529161731.mp4: 384x640 (no detections), 5.5ms
video 1/1 (392/411) /pfs/data5/home/kit/anthropomatik/lk7828/yolo/yolov5/yolov5-1/data/videos/WeChat_20240529161731.mp4: 384x640 (no detections), 5.5ms
video 1/1 (393/411) /pfs/data5/home/kit/anthropomatik/lk7828/yolo/yolov5/yolov5-1/data/videos/WeChat_20240529161731.mp4: 384x640 (no detections), 5.4ms
video 1/1 (394/411) /pfs/data5/home/kit/anthropomatik/lk7828/yolo/yolov5/yolov5-1/data/videos/WeChat_20240529161731.mp4: 384x640 (no detections), 5.5ms
video 1/1 (395/411) /pfs/data5/home/kit/anthropomatik/lk7828/yolo/yolov5/yolov5-1/data/videos/WeChat_20240529161731.mp4: 384x640 (no detections), 5.5ms
video 1/1 (396/411) /pfs/data5/home/kit/anthropomatik/lk7828/yolo/yolov5/yolov5-1/data/videos/WeChat_20240529161731.mp4: 384x640 (no detections), 5.5ms
video 1/1 (397/411) /pfs/data5/home/kit/anthropomatik/lk7828/yolo/yolov5/yolov5-1/data/videos/WeChat_20240529161731.mp4: 384x640 (no detections), 5.5ms
video 1/1 (398/411) /pfs/data5/home/kit/anthropomatik/lk7828/yolo/yolov5/yolov5-1/data/videos/WeChat_20240529161731.mp4: 384x640 (no detections), 5.4ms
video 1/1 (399/411) /pfs/data5/home/kit/anthropomatik/lk7828/yolo/yolov5/yolov5-1/data/videos/WeChat_20240529161731.mp4: 384x640 (no detections), 5.5ms
video 1/1 (400/411) /pfs/data5/home/kit/anthropomatik/lk7828/yolo/yolov5/yolov5-1/data/videos/WeChat_20240529161731.mp4: 384x640 (no detections), 5.5ms
video 1/1 (401/411) /pfs/data5/home/kit/anthropomatik/lk7828/yolo/yolov5/yolov5-1/data/videos/WeChat_20240529161731.mp4: 384x640 (no detections), 5.5ms
video 1/1 (402/411) /pfs/data5/home/kit/anthropomatik/lk7828/yolo/yolov5/yolov5-1/data/videos/WeChat_20240529161731.mp4: 384x640 (no detections), 5.5ms
video 1/1 (403/411) /pfs/data5/home/kit/anthropomatik/lk7828/yolo/yolov5/yolov5-1/data/videos/WeChat_20240529161731.mp4: 384x640 (no detections), 5.5ms
video 1/1 (404/411) /pfs/data5/home/kit/anthropomatik/lk7828/yolo/yolov5/yolov5-1/data/videos/WeChat_20240529161731.mp4: 384x640 (no detections), 5.4ms
video 1/1 (405/411) /pfs/data5/home/kit/anthropomatik/lk7828/yolo/yolov5/yolov5-1/data/videos/WeChat_20240529161731.mp4: 384x640 (no detections), 5.4ms
video 1/1 (406/411) /pfs/data5/home/kit/anthropomatik/lk7828/yolo/yolov5/yolov5-1/data/videos/WeChat_20240529161731.mp4: 384x640 (no detections), 5.5ms
video 1/1 (407/411) /pfs/data5/home/kit/anthropomatik/lk7828/yolo/yolov5/yolov5-1/data/videos/WeChat_20240529161731.mp4: 384x640 (no detections), 5.5ms
video 1/1 (408/411) /pfs/data5/home/kit/anthropomatik/lk7828/yolo/yolov5/yolov5-1/data/videos/WeChat_20240529161731.mp4: 384x640 (no detections), 5.4ms
video 1/1 (409/411) /pfs/data5/home/kit/anthropomatik/lk7828/yolo/yolov5/yolov5-1/data/videos/WeChat_20240529161731.mp4: 384x640 (no detections), 5.5ms
video 1/1 (410/411) /pfs/data5/home/kit/anthropomatik/lk7828/yolo/yolov5/yolov5-1/data/videos/WeChat_20240529161731.mp4: 384x640 (no detections), 5.4ms
video 1/1 (411/411) /pfs/data5/home/kit/anthropomatik/lk7828/yolo/yolov5/yolov5-1/data/videos/WeChat_20240529161731.mp4: 384x640 (no detections), 5.4ms
Speed: 0.3ms pre-process, 5.7ms inference, 4.3ms NMS per image at shape (1, 3, 640, 640)
Results saved to [1mruns/detect/exp5[0m

============================= JOB FEEDBACK =============================

NodeName=uc2n901
Job ID: 23667905
Cluster: uc2
User/Group: lk7828/anthropomatik
State: COMPLETED (exit code 0)
Nodes: 1
Cores per node: 4
CPU Utilized: 00:00:10
CPU Efficiency: 4.72% of 00:03:32 core-walltime
Job Wall-clock time: 00:00:53
Memory Utilized: 993.95 MB
Memory Efficiency: 0.78% of 124.51 GB
